Performing C SOURCE FILE Test CMAKE_HAVE_LIBC_PTHREAD failed with the following output:
Change Dir: C:/Users/power/source/repos/tutz/out/build/x64-Debug/CMakeFiles/CMakeTmp

Run Build Command(s):f:\vs\ide\common7\ide\commonextensions\microsoft\cmake\Ninja\ninja.exe cmTC_24f50 && [1/2] Building C object CMakeFiles\cmTC_24f50.dir\src.c.obj
FAILED: CMakeFiles/cmTC_24f50.dir/src.c.obj 
F:\vs\ide\VC\Tools\MSVC\14.34.31933\bin\Hostx64\x64\cl.exe  /nologo -DCMAKE_HAVE_LIBC_PTHREAD  /DWIN32 /D_WINDOWS /W3  /MDd /Zi /Ob0 /Od /RTC1 /showIncludes /FoCMakeFiles\cmTC_24f50.dir\src.c.obj /FdCMakeFiles\cmTC_24f50.dir\ /FS -c C:\Users\power\source\repos\tutz\out\build\x64-Debug\CMakeFiles\CMakeTmp\src.c
C:\Users\power\source\repos\tutz\out\build\x64-Debug\CMakeFiles\CMakeTmp\src.c(1): fatal error C1083: Cannot open include file: 'pthread.h': No such file or directory
ninja: build stopped: subcommand failed.


Source file was:
#include <pthread.h>

static void* test_func(void* data)
{
  return data;
}

int main(void)
{
  pthread_t thread;
  pthread_create(&thread, NULL, test_func, NULL);
  pthread_detach(thread);
  pthread_cancel(thread);
  pthread_join(thread, NULL);
  pthread_atfork(NULL, NULL, NULL);
  pthread_exit(NULL);

  return 0;
}

Determining if the function pthread_create exists in the pthreads failed with the following output:
Change Dir: C:/Users/power/source/repos/tutz/out/build/x64-Debug/CMakeFiles/CMakeTmp

Run Build Command(s):f:\vs\ide\common7\ide\commonextensions\microsoft\cmake\Ninja\ninja.exe cmTC_acfd1 && [1/2] Building C object CMakeFiles\cmTC_acfd1.dir\CheckFunctionExists.c.obj
[2/2] Linking C executable cmTC_acfd1.exe
FAILED: cmTC_acfd1.exe 
cmd.exe /C "cd . && F:\vs\ide\Common7\IDE\CommonExtensions\Microsoft\CMake\CMake\bin\cmake.exe -E vs_link_exe --intdir=CMakeFiles\cmTC_acfd1.dir --rc=C:\PROGRA~2\WI3CF2~1\10\bin\100220~1.0\x64\rc.exe --mt=C:\PROGRA~2\WI3CF2~1\10\bin\100220~1.0\x64\mt.exe --manifests  -- F:\vs\ide\VC\Tools\MSVC\14.34.31933\bin\Hostx64\x64\link.exe /nologo CMakeFiles\cmTC_acfd1.dir\CheckFunctionExists.c.obj  /out:cmTC_acfd1.exe /implib:cmTC_acfd1.lib /pdb:cmTC_acfd1.pdb /version:0.0 /machine:x64  /debug /INCREMENTAL /subsystem:console  pthreads.lib  kernel32.lib user32.lib gdi32.lib winspool.lib shell32.lib ole32.lib oleaut32.lib uuid.lib comdlg32.lib advapi32.lib && cmd.exe /C "cd /D C:\Users\power\source\repos\tutz\out\build\x64-Debug\CMakeFiles\CMakeTmp && C:\Windows\System32\WindowsPowerShell\v1.0\powershell.exe -noprofile -executionpolicy Bypass -file M:/vcpkg/scripts/buildsystems/msbuild/applocal.ps1 -targetBinary C:/Users/power/source/repos/tutz/out/build/x64-Debug/CMakeFiles/CMakeTmp/cmTC_acfd1.exe -installedDir M:/vcpkg/installed/x64-windows/debug/bin -OutVariable out""
LINK Pass 1: command "F:\vs\ide\VC\Tools\MSVC\14.34.31933\bin\Hostx64\x64\link.exe /nologo CMakeFiles\cmTC_acfd1.dir\CheckFunctionExists.c.obj /out:cmTC_acfd1.exe /implib:cmTC_acfd1.lib /pdb:cmTC_acfd1.pdb /version:0.0 /machine:x64 /debug /INCREMENTAL /subsystem:console pthreads.lib kernel32.lib user32.lib gdi32.lib winspool.lib shell32.lib ole32.lib oleaut32.lib uuid.lib comdlg32.lib advapi32.lib /MANIFEST /MANIFESTFILE:CMakeFiles\cmTC_acfd1.dir/intermediate.manifest CMakeFiles\cmTC_acfd1.dir/manifest.res" failed (exit code 1104) with the following output:
LINK : fatal error LNK1104: cannot open file 'pthreads.lib'
ninja: build stopped: subcommand failed.



Determining if the function pthread_create exists in the pthread failed with the following output:
Change Dir: C:/Users/power/source/repos/tutz/out/build/x64-Debug/CMakeFiles/CMakeTmp

Run Build Command(s):f:\vs\ide\common7\ide\commonextensions\microsoft\cmake\Ninja\ninja.exe cmTC_6b4f0 && [1/2] Building C object CMakeFiles\cmTC_6b4f0.dir\CheckFunctionExists.c.obj
[2/2] Linking C executable cmTC_6b4f0.exe
FAILED: cmTC_6b4f0.exe 
cmd.exe /C "cd . && F:\vs\ide\Common7\IDE\CommonExtensions\Microsoft\CMake\CMake\bin\cmake.exe -E vs_link_exe --intdir=CMakeFiles\cmTC_6b4f0.dir --rc=C:\PROGRA~2\WI3CF2~1\10\bin\100220~1.0\x64\rc.exe --mt=C:\PROGRA~2\WI3CF2~1\10\bin\100220~1.0\x64\mt.exe --manifests  -- F:\vs\ide\VC\Tools\MSVC\14.34.31933\bin\Hostx64\x64\link.exe /nologo CMakeFiles\cmTC_6b4f0.dir\CheckFunctionExists.c.obj  /out:cmTC_6b4f0.exe /implib:cmTC_6b4f0.lib /pdb:cmTC_6b4f0.pdb /version:0.0 /machine:x64  /debug /INCREMENTAL /subsystem:console  pthread.lib  kernel32.lib user32.lib gdi32.lib winspool.lib shell32.lib ole32.lib oleaut32.lib uuid.lib comdlg32.lib advapi32.lib && cmd.exe /C "cd /D C:\Users\power\source\repos\tutz\out\build\x64-Debug\CMakeFiles\CMakeTmp && C:\Windows\System32\WindowsPowerShell\v1.0\powershell.exe -noprofile -executionpolicy Bypass -file M:/vcpkg/scripts/buildsystems/msbuild/applocal.ps1 -targetBinary C:/Users/power/source/repos/tutz/out/build/x64-Debug/CMakeFiles/CMakeTmp/cmTC_6b4f0.exe -installedDir M:/vcpkg/installed/x64-windows/debug/bin -OutVariable out""
LINK Pass 1: command "F:\vs\ide\VC\Tools\MSVC\14.34.31933\bin\Hostx64\x64\link.exe /nologo CMakeFiles\cmTC_6b4f0.dir\CheckFunctionExists.c.obj /out:cmTC_6b4f0.exe /implib:cmTC_6b4f0.lib /pdb:cmTC_6b4f0.pdb /version:0.0 /machine:x64 /debug /INCREMENTAL /subsystem:console pthread.lib kernel32.lib user32.lib gdi32.lib winspool.lib shell32.lib ole32.lib oleaut32.lib uuid.lib comdlg32.lib advapi32.lib /MANIFEST /MANIFESTFILE:CMakeFiles\cmTC_6b4f0.dir/intermediate.manifest CMakeFiles\cmTC_6b4f0.dir/manifest.res" failed (exit code 1104) with the following output:
LINK : fatal error LNK1104: cannot open file 'pthread.lib'
ninja: build stopped: subcommand failed.



